<?xml version="1.0" encoding="UTF-8"?>
<coverage generated="1759172514094" clover="3.2.0">
  <project timestamp="1759172514095" name="All files">
    <metrics statements="33" coveredstatements="16" conditionals="8" coveredconditionals="3" methods="5" coveredmethods="4" elements="46" coveredelements="23" complexity="0" loc="33" ncloc="33" packages="1" files="2" classes="2"/>
    <file name="run-tests.js" path="C:\Drive B\Projects\AI\AI tools\VibeCoding\Git\Domain_Eelgrey\Portfolio\run-tests.js">
      <metrics statements="15" coveredstatements="0" conditionals="4" coveredconditionals="0" methods="0" coveredmethods="0"/>
      <line num="8" count="0" type="stmt"/>
      <line num="9" count="0" type="stmt"/>
      <line num="11" count="0" type="stmt"/>
      <line num="14" count="0" type="cond" truecount="0" falsecount="2"/>
      <line num="15" count="0" type="stmt"/>
      <line num="16" count="0" type="stmt"/>
      <line num="19" count="0" type="stmt"/>
      <line num="21" count="0" type="cond" truecount="0" falsecount="2"/>
      <line num="22" count="0" type="stmt"/>
      <line num="23" count="0" type="stmt"/>
      <line num="27" count="0" type="stmt"/>
      <line num="28" count="0" type="stmt"/>
      <line num="30" count="0" type="stmt"/>
      <line num="33" count="0" type="stmt"/>
      <line num="34" count="0" type="stmt"/>
    </file>
    <file name="script.js" path="C:\Drive B\Projects\AI\AI tools\VibeCoding\Git\Domain_Eelgrey\Portfolio\script.js">
      <metrics statements="18" coveredstatements="16" conditionals="4" coveredconditionals="3" methods="5" coveredmethods="4"/>
      <line num="2" count="1" type="stmt"/>
      <line num="5" count="1" type="stmt"/>
      <line num="6" count="3" type="stmt"/>
      <line num="7" count="0" type="stmt"/>
      <line num="9" count="0" type="stmt"/>
      <line num="16" count="1" type="stmt"/>
      <line num="17" count="1" type="stmt"/>
      <line num="19" count="1" type="stmt"/>
      <line num="20" count="1" type="stmt"/>
      <line num="21" count="1" type="stmt"/>
      <line num="22" count="3" type="stmt"/>
      <line num="23" count="3" type="stmt"/>
      <line num="24" count="3" type="cond" truecount="1" falsecount="1"/>
      <line num="25" count="3" type="stmt"/>
      <line num="29" count="1" type="stmt"/>
      <line num="30" count="3" type="stmt"/>
      <line num="31" count="3" type="cond" truecount="2" falsecount="0"/>
      <line num="32" count="1" type="stmt"/>
    </file>
  </project>
</coverage>
