{"C:\\Drive B\\Projects\\AI\\AI tools\\VibeCoding\\Git\\Domain_Eelgrey\\Portfolio\\run-tests.js": {"path":"C:\\Drive B\\Projects\\AI\\AI tools\\VibeCoding\\Git\\Domain_Eelgrey\\Portfolio\\run-tests.js","statementMap":{"0":{"start":{"line":8,"column":21},"end":{"line":8,"column":45}},"1":{"start":{"line":9,"column":11},"end":{"line":9,"column":24}},"2":{"start":{"line":11,"column":0},"end":{"line":11,"column":41}},"3":{"start":{"line":14,"column":0},"end":{"line":17,"column":1}},"4":{"start":{"line":15,"column":2},"end":{"line":15,"column":66}},"5":{"start":{"line":16,"column":2},"end":{"line":16,"column":18}},"6":{"start":{"line":19,"column":0},"end":{"line":35,"column":1}},"7":{"start":{"line":21,"column":2},"end":{"line":24,"column":3}},"8":{"start":{"line":22,"column":4},"end":{"line":22,"column":49}},"9":{"start":{"line":23,"column":4},"end":{"line":23,"column":50}},"10":{"start":{"line":27,"column":2},"end":{"line":27,"column":44}},"11":{"start":{"line":28,"column":2},"end":{"line":28,"column":45}},"12":{"start":{"line":30,"column":2},"end":{"line":30,"column":55}},"13":{"start":{"line":33,"column":2},"end":{"line":33,"column":52}},"14":{"start":{"line":34,"column":2},"end":{"line":34,"column":18}}},"fnMap":{},"branchMap":{"0":{"loc":{"start":{"line":14,"column":0},"end":{"line":17,"column":1}},"type":"if","locations":[{"start":{"line":14,"column":0},"end":{"line":17,"column":1}},{"start":{},"end":{}}],"line":14},"1":{"loc":{"start":{"line":21,"column":2},"end":{"line":24,"column":3}},"type":"if","locations":[{"start":{"line":21,"column":2},"end":{"line":24,"column":3}},{"start":{},"end":{}}],"line":21}},"s":{"0":0,"1":0,"2":0,"3":0,"4":0,"5":0,"6":0,"7":0,"8":0,"9":0,"10":0,"11":0,"12":0,"13":0,"14":0},"f":{},"b":{"0":[0,0],"1":[0,0]}}
,"C:\\Drive B\\Projects\\AI\\AI tools\\VibeCoding\\Git\\Domain_Eelgrey\\Portfolio\\script.js": {"path":"C:\\Drive B\\Projects\\AI\\AI tools\\VibeCoding\\Git\\Domain_Eelgrey\\Portfolio\\script.js","statementMap":{"0":{"start":{"line":2,"column":0},"end":{"line":2,"column":79}},"1":{"start":{"line":5,"column":0},"end":{"line":13,"column":3}},"2":{"start":{"line":6,"column":4},"end":{"line":12,"column":7}},"3":{"start":{"line":7,"column":8},"end":{"line":7,"column":27}},"4":{"start":{"line":9,"column":8},"end":{"line":11,"column":11}},"5":{"start":{"line":16,"column":17},"end":{"line":16,"column":53}},"6":{"start":{"line":17,"column":14},"end":{"line":17,"column":54}},"7":{"start":{"line":19,"column":0},"end":{"line":35,"column":3}},"8":{"start":{"line":20,"column":18},"end":{"line":20,"column":20}},"9":{"start":{"line":21,"column":4},"end":{"line":27,"column":7}},"10":{"start":{"line":22,"column":27},"end":{"line":22,"column":44}},"11":{"start":{"line":23,"column":30},"end":{"line":23,"column":50}},"12":{"start":{"line":24,"column":8},"end":{"line":26,"column":9}},"13":{"start":{"line":25,"column":12},"end":{"line":25,"column":49}},"14":{"start":{"line":29,"column":4},"end":{"line":34,"column":7}},"15":{"start":{"line":30,"column":8},"end":{"line":30,"column":38}},"16":{"start":{"line":31,"column":8},"end":{"line":33,"column":9}},"17":{"start":{"line":32,"column":12},"end":{"line":32,"column":39}}},"fnMap":{"0":{"name":"(anonymous_0)","decl":{"start":{"line":5,"column":49},"end":{"line":5,"column":50}},"loc":{"start":{"line":5,"column":59},"end":{"line":13,"column":1}},"line":5},"1":{"name":"(anonymous_1)","decl":{"start":{"line":6,"column":37},"end":{"line":6,"column":38}},"loc":{"start":{"line":6,"column":50},"end":{"line":12,"column":5}},"line":6},"2":{"name":"(anonymous_2)","decl":{"start":{"line":19,"column":34},"end":{"line":19,"column":35}},"loc":{"start":{"line":19,"column":40},"end":{"line":35,"column":1}},"line":19},"3":{"name":"(anonymous_3)","decl":{"start":{"line":21,"column":21},"end":{"line":21,"column":22}},"loc":{"start":{"line":21,"column":32},"end":{"line":27,"column":5}},"line":21},"4":{"name":"(anonymous_4)","decl":{"start":{"line":29,"column":18},"end":{"line":29,"column":19}},"loc":{"start":{"line":29,"column":24},"end":{"line":34,"column":5}},"line":29}},"branchMap":{"0":{"loc":{"start":{"line":24,"column":8},"end":{"line":26,"column":9}},"type":"if","locations":[{"start":{"line":24,"column":8},"end":{"line":26,"column":9}},{"start":{},"end":{}}],"line":24},"1":{"loc":{"start":{"line":31,"column":8},"end":{"line":33,"column":9}},"type":"if","locations":[{"start":{"line":31,"column":8},"end":{"line":33,"column":9}},{"start":{},"end":{}}],"line":31}},"s":{"0":1,"1":1,"2":3,"3":0,"4":0,"5":1,"6":1,"7":1,"8":1,"9":1,"10":3,"11":3,"12":3,"13":3,"14":1,"15":3,"16":3,"17":1},"f":{"0":3,"1":0,"2":1,"3":3,"4":3},"b":{"0":[3,0],"1":[1,2]},"_coverageSchema":"1a1c01bbd47fc00a2c39e90264f33305004495a9","hash":"7add3fc7b6c5101a2410f9c642ee8853fc1e3617"}
}
